<?xml version="1.0" encoding="utf-8"?><testsuites name="pytest tests"><testsuite name="pytest" errors="0" failures="0" skipped="0" tests="3" time="0.953" timestamp="2026-03-09T10:57:55.593760+00:00" hostname="agent-env-c6898f7f-bbdd-4be2-811f-6529a722475b"><testcase classname="backend.tests.test_lawflow_fixes.TestFix1NoWelcomeNotification" name="test_notifications_endpoint_no_welcome" time="0.696" /><testcase classname="backend.tests.test_lawflow_fixes.TestFix3FirmMembersName" name="test_get_my_firm_returns_name" time="0.103" /><testcase classname="backend.tests.test_lawflow_fixes.TestFix3FirmMembersName" name="test_firm_owner_name_is_advocate_name" time="0.099" /></testsuite></testsuites>