<?xml version="1.0" encoding="utf-8"?><testsuites name="pytest tests"><testsuite name="pytest" errors="0" failures="0" skipped="0" tests="11" time="0.788" timestamp="2026-03-06T17:03:12.205767+00:00" hostname="agent-env-7b783999-84a2-478f-bba7-a74da99d8055"><testcase classname="tests.test_scheduler_reminders" name="test_evening_job_sends_push_for_tomorrow_hearing" time="0.083" /><testcase classname="tests.test_scheduler_reminders" name="test_evening_job_no_push_when_no_hearings" time="0.002" /><testcase classname="tests.test_scheduler_reminders" name="test_evening_job_no_push_when_no_token" time="0.002" /><testcase classname="tests.test_scheduler_reminders" name="test_evening_job_multiple_hearings" time="0.002" /><testcase classname="tests.test_scheduler_reminders" name="test_send_reminders_scoped_to_advocate" time="0.002" /><testcase classname="tests.test_scheduler_reminders" name="test_build_hearing_reminder_tomorrow" time="0.000" /><testcase classname="tests.test_scheduler_reminders" name="test_build_outcome_message_with_next_date" time="0.000" /><testcase classname="tests.test_scheduler_reminders" name="test_build_outcome_message_no_next_date" time="0.000" /><testcase classname="tests.test_phase17_api" name="test_health_check" time="0.174" /><testcase classname="tests.test_phase17_api" name="test_reminders_send_requires_auth" time="0.119" /><testcase classname="tests.test_phase17_api" name="test_reminders_send_with_auth" time="0.355" /></testsuite></testsuites>