<?xml version="1.0" encoding="utf-8"?><testsuites name="pytest tests"><testsuite name="pytest" errors="0" failures="0" skipped="0" tests="6" time="3.671" timestamp="2026-03-09T10:12:00.580095+00:00" hostname="agent-env-c6898f7f-bbdd-4be2-811f-6529a722475b"><testcase classname="backend.tests.test_paywall_scenarios.TestPaywallSetup" name="test_auth_works" time="0.438" /><testcase classname="backend.tests.test_paywall_scenarios.TestPaywallSetup" name="test_set_plan_free" time="0.107" /><testcase classname="backend.tests.test_paywall_scenarios.TestPaywallSetup" name="test_set_plan_pro" time="0.109" /><testcase classname="backend.tests.test_paywall_scenarios.TestScenario1_FreePlanCasesLimit" name="test_setup_free_and_insert_10_cases" time="1.475" /><testcase classname="backend.tests.test_paywall_scenarios.TestScenario1_FreePlanCasesLimit" name="test_cases_count_is_at_least_10" time="0.144" /><testcase classname="backend.tests.test_paywall_scenarios.TestScenario4_FreePlanClientsLimit" name="test_setup_free_and_insert_10_clients" time="1.339" /></testsuite></testsuites>