<?xml version="1.0" encoding="utf-8"?><testsuites name="pytest tests"><testsuite name="pytest" errors="0" failures="0" skipped="0" tests="8" time="2.333" timestamp="2026-03-09T17:10:20.008794+00:00" hostname="agent-env-c758d81f-d024-499c-ac2f-34ee08a0250d"><testcase classname="backend.tests.test_bug_fixes_iteration5.TestBug1CaseDeleteCrash" name="test_get_cases_list" time="0.663" /><testcase classname="backend.tests.test_bug_fixes_iteration5.TestBug1CaseDeleteCrash" name="test_create_case_for_delete_test" time="0.681" /><testcase classname="backend.tests.test_bug_fixes_iteration5.TestBug2DuplicateUpcomingHearings" name="test_hearings_api_returns_unique_entries" time="0.115" /><testcase classname="backend.tests.test_bug_fixes_iteration5.TestBug2DuplicateUpcomingHearings" name="test_cases_api_returns_unique_entries" time="0.127" /><testcase classname="backend.tests.test_bug_fixes_iteration5.TestBug3FirmDashboardMemberNames" name="test_firm_dashboard_accessible" time="0.148" /><testcase classname="backend.tests.test_bug_fixes_iteration5.TestBug3FirmDashboardMemberNames" name="test_firm_dashboard_workload_has_names" time="0.114" /><testcase classname="backend.tests.test_bug_fixes_iteration5.TestBug3FirmDashboardMemberNames" name="test_firm_dashboard_members_have_names" time="0.136" /><testcase classname="backend.tests.test_bug_fixes_iteration5.TestBug3FirmDashboardMemberNames" name="test_firm_my_endpoint_has_names" time="0.290" /></testsuite></testsuites>