<?xml version="1.0" encoding="utf-8"?><testsuites name="pytest tests"><testsuite name="pytest" errors="0" failures="0" skipped="4" tests="17" time="2.957" timestamp="2026-03-09T17:58:28.776195+00:00" hostname="agent-env-c758d81f-d024-499c-ac2f-34ee08a0250d"><testcase classname="backend.tests.test_invite_flow_iteration6.TestCheckFirmUser" name="test_check_unregistered_number_returns_not_exists" time="0.424" /><testcase classname="backend.tests.test_invite_flow_iteration6.TestCheckFirmUser" name="test_check_registered_user_not_in_firm" time="0.146" /><testcase classname="backend.tests.test_invite_flow_iteration6.TestCheckFirmUser" name="test_check_user_requires_auth" time="0.109" /><testcase classname="backend.tests.test_invite_flow_iteration6.TestCheckFirmUser" name="test_check_returns_advocate_name" time="0.117" /><testcase classname="backend.tests.test_invite_flow_iteration6.TestCheckFirmUser" name="test_check_already_in_firm_returns_true" time="0.110" /><testcase classname="backend.tests.test_invite_flow_iteration6.TestFirmInvite" name="test_invite_registered_user_creates_notification" time="0.518" /><testcase classname="backend.tests.test_invite_flow_iteration6.TestFirmInvite" name="test_invite_unregistered_fails_gracefully" time="0.122" /><testcase classname="backend.tests.test_invite_flow_iteration6.TestInboxNotifications" name="test_inbox_returns_list" time="0.118" /><testcase classname="backend.tests.test_invite_flow_iteration6.TestInboxNotifications" name="test_inbox_requires_auth" time="0.121" /><testcase classname="backend.tests.test_invite_flow_iteration6.TestInboxNotifications" name="test_inbox_notification_has_correct_fields" time="0.619"><skipped type="pytest.skip" message="No user2 token available">/app/backend/tests/test_invite_flow_iteration6.py:256: No user2 token available</skipped></testcase><testcase classname="backend.tests.test_invite_flow_iteration6.TestMarkNotificationRead" name="test_mark_inbox_notification_read" time="0.000"><skipped type="pytest.skip" message="No user2 token available">/app/backend/tests/test_invite_flow_iteration6.py:309: No user2 token available</skipped></testcase><testcase classname="backend.tests.test_invite_flow_iteration6.TestMarkNotificationRead" name="test_mark_read_wrong_user_fails" time="0.000"><skipped type="pytest.skip" message="No user2 token available">/app/backend/tests/test_invite_flow_iteration6.py:344: No user2 token available</skipped></testcase><testcase classname="backend.tests.test_invite_flow_iteration6.TestMarkNotificationRead" name="test_mark_read_requires_auth" time="0.104" /><testcase classname="backend.tests.test_invite_flow_iteration6.TestPhoneValidation" name="test_check_user_accepts_10_digit_phone" time="0.113" /><testcase classname="backend.tests.test_invite_flow_iteration6.TestPhoneValidation" name="test_check_user_with_91_prefix" time="0.149" /><testcase classname="backend.tests.test_invite_flow_iteration6.TestPendingInvite" name="test_pending_invite_for_invitee" time="0.000"><skipped type="pytest.skip" message="No user2 token available">/app/backend/tests/test_invite_flow_iteration6.py:414: No user2 token available</skipped></testcase><testcase classname="backend.tests.test_invite_flow_iteration6.TestPendingInvite" name="test_no_pending_invite_for_owner" time="0.105" /></testsuite></testsuites>