<?xml version="1.0" encoding="utf-8"?><testsuites name="pytest tests"><testsuite name="pytest" errors="0" failures="0" skipped="0" tests="27" time="2.509" timestamp="2026-03-09T09:46:22.475583+00:00" hostname="agent-env-c6898f7f-bbdd-4be2-811f-6529a722475b"><testcase classname="backend.tests.test_edge_cases.TestOfflineSyncBehavior" name="test_retry_sync_function_exists_in_context" time="0.001" /><testcase classname="backend.tests.test_edge_cases.TestOfflineSyncBehavior" name="test_sync_retry_btn_testid_exists_in_dashboard" time="0.000" /><testcase classname="backend.tests.test_edge_cases.TestOfflineSyncBehavior" name="test_sync_pending_flag_set_on_failure" time="0.000" /><testcase classname="backend.tests.test_edge_cases.TestOfflineSyncBehavior" name="test_sync_status_offline_set_on_failure" time="0.000" /><testcase classname="backend.tests.test_edge_cases.TestOfflineSyncBehavior" name="test_retry_button_shown_when_offline" time="0.000" /><testcase classname="backend.tests.test_edge_cases.TestOfflineSyncBehavior" name="test_retry_wired_to_retry_sync_all" time="0.000" /><testcase classname="backend.tests.test_edge_cases.TestEmptyState" name="test_cases_empty_after_clear" time="0.541" /><testcase classname="backend.tests.test_edge_cases.TestEmptyState" name="test_clients_empty_after_clear" time="0.118" /><testcase classname="backend.tests.test_edge_cases.TestEmptyState" name="test_hearings_empty_after_clear" time="0.105" /><testcase classname="backend.tests.test_edge_cases.TestEmptyState" name="test_empty_state_text_in_cases_screen" time="0.000" /><testcase classname="backend.tests.test_edge_cases.TestEmptyState" name="test_empty_state_text_in_dashboard" time="0.000" /><testcase classname="backend.tests.test_edge_cases.TestIncompleteSignupGuard" name="test_index_checks_name_enrollment_barcouncil" time="0.000" /><testcase classname="backend.tests.test_edge_cases.TestIncompleteSignupGuard" name="test_redirect_to_signup_when_profile_incomplete" time="0.000" /><testcase classname="backend.tests.test_edge_cases.TestIncompleteSignupGuard" name="test_null_name_via_api_redirect" time="0.073" /><testcase classname="backend.tests.test_edge_cases.TestIncompleteSignupGuard" name="test_restore_user_name" time="0.087" /><testcase classname="backend.tests.test_edge_cases.TestGracePeriodAccess" name="test_set_grace_period_expiry" time="0.001" /><testcase classname="backend.tests.test_edge_cases.TestGracePeriodAccess" name="test_is_pro_user_during_grace_period" time="0.000" /><testcase classname="backend.tests.test_edge_cases.TestGracePeriodAccess" name="test_grace_period_card_testid_exists" time="0.000" /><testcase classname="backend.tests.test_edge_cases.TestGracePeriodAccess" name="test_grace_period_card_shown_when_expired" time="0.000" /><testcase classname="backend.tests.test_edge_cases.TestGracePeriodAccess" name="test_restore_pro_plan_after_grace_test" time="0.001" /><testcase classname="backend.tests.test_edge_cases.TestReadOnlyAfterExpiry" name="test_set_free_plan_expired" time="0.001" /><testcase classname="backend.tests.test_edge_cases.TestReadOnlyAfterExpiry" name="test_add_12_test_cases_via_api" time="0.717" /><testcase classname="backend.tests.test_edge_cases.TestReadOnlyAfterExpiry" name="test_paywall_code_check_for_cases_limit" time="0.000" /><testcase classname="backend.tests.test_edge_cases.TestReadOnlyAfterExpiry" name="test_get_pro_card_testid_exists" time="0.000" /><testcase classname="backend.tests.test_edge_cases.TestReadOnlyAfterExpiry" name="test_pro_upgrade_banner_testid_exists" time="0.000" /><testcase classname="backend.tests.test_edge_cases.TestReadOnlyAfterExpiry" name="test_existing_cases_not_deleted_for_free_user" time="0.047" /><testcase classname="backend.tests.test_edge_cases.TestReadOnlyAfterExpiry" name="test_restore_pro_plan_and_cleanup" time="0.666" /></testsuite></testsuites>